Removed Pin From Net: NetName=NetIC7_14 Pin=IC13-6
Removed Pin From Net: NetName=NetIC7_11 Pin=IC13-9
Removed Pin From Net: NetName=NetIC7_13 Pin=IC13-21
Removed Pin From Net: NetName=NetIC7_12 Pin=IC13-22
Added Component: Designator=IC14(SOT23-6L)
Add component. Clean all parameters for all variants
Added Component: Designator=IC15(SOT23-6L)
Add component. Clean all parameters for all variants
Added Component: Designator=IC16(SOT23-6L)
Add component. Clean all parameters for all variants
Added Component: Designator=IC17(SOT23-6L)
Add component. Clean all parameters for all variants
Added Component: Designator=IC18(SOP18 (WM))
Add component. Clean all parameters for all variants
Added Pin To Net: NetName=+5 Pin=IC7-10
Added Pin To Net: NetName=+5 Pin=IC8-10
Added Pin To Net: NetName=+5 Pin=IC9-10
Added Pin To Net: NetName=+5 Pin=IC10-10
Added Pin To Net: NetName=+5 Pin=IC11-10
Added Pin To Net: NetName=+5 Pin=IC12-10
Added Pin To Net: NetName=GND Pin=IC14-2
Added Pin To Net: NetName=+5 Pin=IC14-4
Added Pin To Net: NetName=NetIC7_14 Pin=IC14-5
Added Pin To Net: NetName=GND Pin=IC15-2
Added Pin To Net: NetName=+5 Pin=IC15-4
Added Pin To Net: NetName=NetIC7_11 Pin=IC15-5
Added Pin To Net: NetName=GND Pin=IC16-2
Added Pin To Net: NetName=+5 Pin=IC16-4
Added Pin To Net: NetName=NetIC7_12 Pin=IC16-5
Added Pin To Net: NetName=GND Pin=IC17-2
Added Pin To Net: NetName=+5 Pin=IC17-4
Added Pin To Net: NetName=NetIC7_13 Pin=IC17-5
Added Pin To Net: NetName=GND Pin=IC18-7
Added Pin To Net: NetName=GND Pin=IC18-8
Added Pin To Net: NetName=+27 Pin=IC18-9
Added Pin To Net: NetName=GND Pin=IC18-10
Added Pin To Net: NetName=NetDS6_Grid Pin=IC18-13
Added Pin To Net: NetName=NetDS5_Grid Pin=IC18-14
Added Pin To Net: NetName=NetDS4_Grid Pin=IC18-15
Added Pin To Net: NetName=NetDS3_Grid Pin=IC18-16
Added Pin To Net: NetName=NetDS2_Grid Pin=IC18-17
Added Pin To Net: NetName=NetDS1_Grid Pin=IC18-18
Added Pin To Net: NetName=+3.3 Pin=IC13-11
Added Pin To Net: NetName=+3.3 Pin=IC14-3
Added Pin To Net: NetName=+3.3 Pin=IC14-6
Added Pin To Net: NetName=+3.3 Pin=IC15-3
Added Pin To Net: NetName=+3.3 Pin=IC15-6
Added Pin To Net: NetName=+3.3 Pin=IC16-3
Added Pin To Net: NetName=+3.3 Pin=IC16-6
Added Pin To Net: NetName=+3.3 Pin=IC17-3
Added Pin To Net: NetName=+3.3 Pin=IC17-6
Added Net: Name=+3.3
Added Pin To Net: NetName=NetIC13_6 Pin=IC13-6
Added Pin To Net: NetName=NetIC13_6 Pin=IC14-1
Added Net: Name=NetIC13_6
Added Pin To Net: NetName=NetIC13_9 Pin=IC13-9
Added Pin To Net: NetName=NetIC13_9 Pin=IC15-1
Added Net: Name=NetIC13_9
Added Pin To Net: NetName=NetIC13_21 Pin=IC13-21
Added Pin To Net: NetName=NetIC13_21 Pin=IC17-1
Added Net: Name=NetIC13_21
Added Pin To Net: NetName=NetIC13_22 Pin=IC13-22
Added Pin To Net: NetName=NetIC13_22 Pin=IC16-1
Added Net: Name=NetIC13_22
Added Pin To Net: NetName=NetIC13_23 Pin=IC13-23
Added Pin To Net: NetName=NetIC13_23 Pin=IC18-1
Added Pin To Net: NetName=NetIC13_23 Pin=IC18-2
Added Pin To Net: NetName=NetIC13_23 Pin=IC18-3
Added Pin To Net: NetName=NetIC13_23 Pin=IC18-4
Added Pin To Net: NetName=NetIC13_23 Pin=IC18-5
Added Pin To Net: NetName=NetIC13_23 Pin=IC18-6
Added Net: Name=NetIC13_23
Added Member To Class: ClassName=VFD Clock Member=Component IC14 PI4ULS5V201
Added Member To Class: ClassName=VFD Clock Member=Component IC15 PI4ULS5V201
Added Member To Class: ClassName=VFD Clock Member=Component IC16 PI4ULS5V201
Added Member To Class: ClassName=VFD Clock Member=Component IC17 PI4ULS5V201
Added Member To Class: ClassName=VFD Clock Member=Component IC18 MIC2981BWM
Added Room: Name=VFD Clock
