Added Component: Designator=C1(10x10.2)
Add component. Clean all parameters for all variants
Add component (AddParameter): Name = "PackageDescription"; Value = "Capacitor; 2 Leads"; VariantName = "[No Variations]"
Add component (AddParameter): Name = "PackageReference"; Value = "CAPR5-4X5"; VariantName = "[No Variations]"
Add component (AddParameter): Name = "Published"; Value = "23-Sep-2002"; VariantName = "[No Variations]"
Add component (AddParameter): Name = "Publisher"; Value = "Altium Limited"; VariantName = "[No Variations]"
Add component (AddParameter): Name = "Value"; Value = "470uF"; VariantName = "[No Variations]"
Added Component: Designator=C2(1206)
Add component. Clean all parameters for all variants
Add component (AddParameter): Name = "LatestRevisionDate"; Value = "17-Jul-2002"; VariantName = "[No Variations]"
Add component (AddParameter): Name = "LatestRevisionNote"; Value = "Re-released for DXP Platform."; VariantName = "[No Variations]"
Add component (AddParameter): Name = "PackageDescription"; Value = "Radial Cap, Thru-Hole; 2 Leads; 0.3 in Pin Spacing"; VariantName = "[No Variations]"
Add component (AddParameter): Name = "PackageReference"; Value = "RAD-0.3"; VariantName = "[No Variations]"
Add component (AddParameter): Name = "Published"; Value = "8-Jun-2000"; VariantName = "[No Variations]"
Add component (AddParameter): Name = "Publisher"; Value = "Altium Limited"; VariantName = "[No Variations]"
Add component (AddParameter): Name = "Value"; Value = "47uF"; VariantName = "[No Variations]"
Added Component: Designator=C3(10x10.2)
Add component. Clean all parameters for all variants
Add component (AddParameter): Name = "PackageDescription"; Value = "Capacitor; 2 Leads"; VariantName = "[No Variations]"
Add component (AddParameter): Name = "PackageReference"; Value = "CAPR5-4X5"; VariantName = "[No Variations]"
Add component (AddParameter): Name = "Published"; Value = "23-Sep-2002"; VariantName = "[No Variations]"
Add component (AddParameter): Name = "Publisher"; Value = "Altium Limited"; VariantName = "[No Variations]"
Add component (AddParameter): Name = "Value"; Value = "470uF"; VariantName = "[No Variations]"
Added Component: Designator=C4(10x10.2)
Add component. Clean all parameters for all variants
Add component (AddParameter): Name = "PackageDescription"; Value = "Capacitor; 2 Leads"; VariantName = "[No Variations]"
Add component (AddParameter): Name = "PackageReference"; Value = "CAPR5-4X5"; VariantName = "[No Variations]"
Add component (AddParameter): Name = "Published"; Value = "23-Sep-2002"; VariantName = "[No Variations]"
Add component (AddParameter): Name = "Publisher"; Value = "Altium Limited"; VariantName = "[No Variations]"
Add component (AddParameter): Name = "Value"; Value = "470uF"; VariantName = "[No Variations]"
Added Component: Designator=C5(1206)
Add component. Clean all parameters for all variants
Add component (AddParameter): Name = "LatestRevisionDate"; Value = "17-Jul-2002"; VariantName = "[No Variations]"
Add component (AddParameter): Name = "LatestRevisionNote"; Value = "Re-released for DXP Platform."; VariantName = "[No Variations]"
Add component (AddParameter): Name = "PackageDescription"; Value = "Radial Cap, Thru-Hole; 2 Leads; 0.3 in Pin Spacing"; VariantName = "[No Variations]"
Add component (AddParameter): Name = "PackageReference"; Value = "RAD-0.3"; VariantName = "[No Variations]"
Add component (AddParameter): Name = "Published"; Value = "8-Jun-2000"; VariantName = "[No Variations]"
Add component (AddParameter): Name = "Publisher"; Value = "Altium Limited"; VariantName = "[No Variations]"
Add component (AddParameter): Name = "Value"; Value = "47uF"; VariantName = "[No Variations]"
Added Component: Designator=C6(1206)
Add component. Clean all parameters for all variants
Add component (AddParameter): Name = "LatestRevisionDate"; Value = "17-Jul-2002"; VariantName = "[No Variations]"
Add component (AddParameter): Name = "LatestRevisionNote"; Value = "Re-released for DXP Platform."; VariantName = "[No Variations]"
Add component (AddParameter): Name = "PackageDescription"; Value = "Radial Cap, Thru-Hole; 2 Leads; 0.3 in Pin Spacing"; VariantName = "[No Variations]"
Add component (AddParameter): Name = "PackageReference"; Value = "RAD-0.3"; VariantName = "[No Variations]"
Add component (AddParameter): Name = "Published"; Value = "8-Jun-2000"; VariantName = "[No Variations]"
Add component (AddParameter): Name = "Publisher"; Value = "Altium Limited"; VariantName = "[No Variations]"
Add component (AddParameter): Name = "Value"; Value = "47uF"; VariantName = "[No Variations]"
Added Component: Designator=C7(1206)
Add component. Clean all parameters for all variants
Add component (AddParameter): Name = "LatestRevisionDate"; Value = "17-Jul-2002"; VariantName = "[No Variations]"
Add component (AddParameter): Name = "LatestRevisionNote"; Value = "Re-released for DXP Platform."; VariantName = "[No Variations]"
Add component (AddParameter): Name = "PackageDescription"; Value = "Radial Cap, Thru-Hole; 2 Leads; 0.3 in Pin Spacing"; VariantName = "[No Variations]"
Add component (AddParameter): Name = "PackageReference"; Value = "RAD-0.3"; VariantName = "[No Variations]"
Add component (AddParameter): Name = "Published"; Value = "8-Jun-2000"; VariantName = "[No Variations]"
Add component (AddParameter): Name = "Publisher"; Value = "Altium Limited"; VariantName = "[No Variations]"
Add component (AddParameter): Name = "Value"; Value = "47uF"; VariantName = "[No Variations]"
Added Component: Designator=C8(1206)
Add component. Clean all parameters for all variants
Add component (AddParameter): Name = "LatestRevisionDate"; Value = "17-Jul-2002"; VariantName = "[No Variations]"
Add component (AddParameter): Name = "LatestRevisionNote"; Value = "Re-released for DXP Platform."; VariantName = "[No Variations]"
Add component (AddParameter): Name = "PackageDescription"; Value = "Radial Cap, Thru-Hole; 2 Leads; 0.3 in Pin Spacing"; VariantName = "[No Variations]"
Add component (AddParameter): Name = "PackageReference"; Value = "RAD-0.3"; VariantName = "[No Variations]"
Add component (AddParameter): Name = "Published"; Value = "8-Jun-2000"; VariantName = "[No Variations]"
Add component (AddParameter): Name = "Publisher"; Value = "Altium Limited"; VariantName = "[No Variations]"
Add component (AddParameter): Name = "Value"; Value = "47uF"; VariantName = "[No Variations]"
Added Component: Designator=C9(1206)
Add component. Clean all parameters for all variants
Add component (AddParameter): Name = "LatestRevisionDate"; Value = "17-Jul-2002"; VariantName = "[No Variations]"
Add component (AddParameter): Name = "LatestRevisionNote"; Value = "Re-released for DXP Platform."; VariantName = "[No Variations]"
Add component (AddParameter): Name = "PackageDescription"; Value = "Radial Cap, Thru-Hole; 2 Leads; 0.3 in Pin Spacing"; VariantName = "[No Variations]"
Add component (AddParameter): Name = "PackageReference"; Value = "RAD-0.3"; VariantName = "[No Variations]"
Add component (AddParameter): Name = "Published"; Value = "8-Jun-2000"; VariantName = "[No Variations]"
Add component (AddParameter): Name = "Publisher"; Value = "Altium Limited"; VariantName = "[No Variations]"
Add component (AddParameter): Name = "Value"; Value = "47uF"; VariantName = "[No Variations]"
Added Component: Designator=C10(10x10.2)
Add component. Clean all parameters for all variants
Add component (AddParameter): Name = "PackageDescription"; Value = "Capacitor; 2 Leads"; VariantName = "[No Variations]"
Add component (AddParameter): Name = "PackageReference"; Value = "CAPR5-4X5"; VariantName = "[No Variations]"
Add component (AddParameter): Name = "Published"; Value = "23-Sep-2002"; VariantName = "[No Variations]"
Add component (AddParameter): Name = "Publisher"; Value = "Altium Limited"; VariantName = "[No Variations]"
Add component (AddParameter): Name = "Value"; Value = "470uF"; VariantName = "[No Variations]"
Added Component: Designator=D1(PowerDi5)
Add component. Clean all parameters for all variants
Add component (AddParameter): Name = "Code_JEDEC"; Value = "DO-214-AB"; VariantName = "[No Variations]"
Add component (AddParameter): Name = "LatestRevisionDate"; Value = "17-Jul-2002"; VariantName = "[No Variations]"
Add component (AddParameter): Name = "LatestRevisionNote"; Value = "Re-released for DXP Platform."; VariantName = "[No Variations]"
Add component (AddParameter): Name = "PackageDescription"; Value = "DO-214-AB/SMC; 2 C-Bend Leads; Body 7.9 x 5.9 mm, inc. leads (LxW)"; VariantName = "[No Variations]"
Add component (AddParameter): Name = "PackageReference"; Value = "SMC"; VariantName = "[No Variations]"
Add component (AddParameter): Name = "PackageVersion"; Value = "Sep-1996"; VariantName = "[No Variations]"
Add component (AddParameter): Name = "Published"; Value = "8-Jun-2000"; VariantName = "[No Variations]"
Add component (AddParameter): Name = "Publisher"; Value = "Altium Limited"; VariantName = "[No Variations]"
Added Component: Designator=D2(SMB)
Add component. Clean all parameters for all variants
Add component (AddParameter): Name = "Code_JEDEC"; Value = "DO-214-AA"; VariantName = "[No Variations]"
Add component (AddParameter): Name = "LatestRevisionDate"; Value = "17-Jul-2002"; VariantName = "[No Variations]"
Add component (AddParameter): Name = "LatestRevisionNote"; Value = "Re-released for DXP Platform."; VariantName = "[No Variations]"
Add component (AddParameter): Name = "PackageDescription"; Value = "DO-214-AA/SMB; 2 C-Bend Leads; Body 5.3 x 3.6 mm, inc. leads (LxW)"; VariantName = "[No Variations]"
Add component (AddParameter): Name = "PackageReference"; Value = "SMB"; VariantName = "[No Variations]"
Add component (AddParameter): Name = "Published"; Value = "8-Jun-2000"; VariantName = "[No Variations]"
Add component (AddParameter): Name = "Publisher"; Value = "Altium Limited"; VariantName = "[No Variations]"
Added Component: Designator=D3(SMB)
Add component. Clean all parameters for all variants
Add component (AddParameter): Name = "Code_JEDEC"; Value = "DO-214-AA"; VariantName = "[No Variations]"
Add component (AddParameter): Name = "LatestRevisionDate"; Value = "17-Jul-2002"; VariantName = "[No Variations]"
Add component (AddParameter): Name = "LatestRevisionNote"; Value = "Re-released for DXP Platform."; VariantName = "[No Variations]"
Add component (AddParameter): Name = "PackageDescription"; Value = "DO-214-AA/SMB; 2 C-Bend Leads; Body 5.3 x 3.6 mm, inc. leads (LxW)"; VariantName = "[No Variations]"
Add component (AddParameter): Name = "PackageReference"; Value = "SMB"; VariantName = "[No Variations]"
Add component (AddParameter): Name = "Published"; Value = "8-Jun-2000"; VariantName = "[No Variations]"
Add component (AddParameter): Name = "Publisher"; Value = "Altium Limited"; VariantName = "[No Variations]"
Added Component: Designator=DC-DC1(SOP8)
Add component. Clean all parameters for all variants
Added Component: Designator=DC-DC2(TO-263-5)
Add component. Clean all parameters for all variants
Added Component: Designator=DC-DC3(SOP8-Buck)
Add component. Clean all parameters for all variants
Added Component: Designator=DS1(IV-11)
Add component. Clean all parameters for all variants
Added Component: Designator=DS2(IV-11)
Add component. Clean all parameters for all variants
Added Component: Designator=DS3(IV-11)
Add component. Clean all parameters for all variants
Added Component: Designator=DS4(IV-11)
Add component. Clean all parameters for all variants
Added Component: Designator=DS5(IV-11)
Add component. Clean all parameters for all variants
Added Component: Designator=DS6(IV-11)
Add component. Clean all parameters for all variants
Added Component: Designator=F1(1206)
Add component. Clean all parameters for all variants
Added Component: Designator=IC1(SOP18 (WM))
Add component. Clean all parameters for all variants
Added Component: Designator=IC2(SOP18 (WM))
Add component. Clean all parameters for all variants
Added Component: Designator=IC3(SOP18 (WM))
Add component. Clean all parameters for all variants
Added Component: Designator=IC4(SOP18 (WM))
Add component. Clean all parameters for all variants
Added Component: Designator=IC5(SOP18 (WM))
Add component. Clean all parameters for all variants
Added Component: Designator=IC6(SOP18 (WM))
Add component. Clean all parameters for all variants
Added Component: Designator=IC7(SO16)
Add component. Clean all parameters for all variants
Added Component: Designator=IC8(SO16)
Add component. Clean all parameters for all variants
Added Component: Designator=IC9(SO16)
Add component. Clean all parameters for all variants
Added Component: Designator=IC10(SO16)
Add component. Clean all parameters for all variants
Added Component: Designator=IC11(SO16)
Add component. Clean all parameters for all variants
Added Component: Designator=IC12(SO16)
Add component. Clean all parameters for all variants
Added Component: Designator=IC13(ESP8266)
Add component. Clean all parameters for all variants
Added Component: Designator=J1(NINIGI_DC-005)
Add component. Clean all parameters for all variants
Add component (AddParameter): Name = "Availability"; Value = "Unavailable"; VariantName = "[No Variations]"
Add component (AddParameter): Name = "MF"; Value = "Best Inc."; VariantName = "[No Variations]"
Add component (AddParameter): Name = "MP"; Value = "DC-005"; VariantName = "[No Variations]"
Add component (AddParameter): Name = "Package"; Value = "None"; VariantName = "[No Variations]"
Add component (AddParameter): Name = "Price"; Value = "None"; VariantName = "[No Variations]"
Add component (AddParameter): Name = "SnapEDA_Link"; Value = "https://www.snapeda.com/parts/DC-005/Best%20Inc./view-part/?ref=snap"; VariantName = "[No Variations]"
Add component (AddParameter): Name = "Value"; Value = ""; VariantName = "[No Variations]"
Added Component: Designator=L1(7x7)
Add component. Clean all parameters for all variants
Added Component: Designator=L2(7x7)
Add component. Clean all parameters for all variants
Added Component: Designator=L3(1008 Inductor)
Add component. Clean all parameters for all variants
Added Component: Designator=R1(AXIAL-0.3)
Add component. Clean all parameters for all variants
Add component (AddParameter): Name = "LatestRevisionDate"; Value = "17-Jul-2002"; VariantName = "[No Variations]"
Add component (AddParameter): Name = "LatestRevisionNote"; Value = "Re-released for DXP Platform."; VariantName = "[No Variations]"
Add component (AddParameter): Name = "PackageDescription"; Value = "Axial Device, Thru-Hole; 2 Leads; 0.3 in Pin Spacing"; VariantName = "[No Variations]"
Add component (AddParameter): Name = "PackageReference"; Value = "AXIAL-0.3"; VariantName = "[No Variations]"
Add component (AddParameter): Name = "Published"; Value = "8-Jun-2000"; VariantName = "[No Variations]"
Add component (AddParameter): Name = "Publisher"; Value = "Altium Limited"; VariantName = "[No Variations]"
Add component (AddParameter): Name = "Value"; Value = "150K"; VariantName = "[No Variations]"
Added Component: Designator=R2(AXIAL-0.3)
Add component. Clean all parameters for all variants
Add component (AddParameter): Name = "LatestRevisionDate"; Value = "17-Jul-2002"; VariantName = "[No Variations]"
Add component (AddParameter): Name = "LatestRevisionNote"; Value = "Re-released for DXP Platform."; VariantName = "[No Variations]"
Add component (AddParameter): Name = "PackageDescription"; Value = "Axial Device, Thru-Hole; 2 Leads; 0.3 in Pin Spacing"; VariantName = "[No Variations]"
Add component (AddParameter): Name = "PackageReference"; Value = "AXIAL-0.3"; VariantName = "[No Variations]"
Add component (AddParameter): Name = "Published"; Value = "8-Jun-2000"; VariantName = "[No Variations]"
Add component (AddParameter): Name = "Publisher"; Value = "Altium Limited"; VariantName = "[No Variations]"
Add component (AddParameter): Name = "Value"; Value = "1.2K"; VariantName = "[No Variations]"
Added Component: Designator=R3(AXIAL-0.3)
Add component. Clean all parameters for all variants
Add component (AddParameter): Name = "LatestRevisionDate"; Value = "17-Jul-2002"; VariantName = "[No Variations]"
Add component (AddParameter): Name = "LatestRevisionNote"; Value = "Re-released for DXP Platform."; VariantName = "[No Variations]"
Add component (AddParameter): Name = "PackageDescription"; Value = "Axial Device, Thru-Hole; 2 Leads; 0.3 in Pin Spacing"; VariantName = "[No Variations]"
Add component (AddParameter): Name = "PackageReference"; Value = "AXIAL-0.3"; VariantName = "[No Variations]"
Add component (AddParameter): Name = "Published"; Value = "8-Jun-2000"; VariantName = "[No Variations]"
Add component (AddParameter): Name = "Publisher"; Value = "Altium Limited"; VariantName = "[No Variations]"
Add component (AddParameter): Name = "Value"; Value = "88.7K"; VariantName = "[No Variations]"
Added Component: Designator=R4(AXIAL-0.3)
Add component. Clean all parameters for all variants
Add component (AddParameter): Name = "LatestRevisionDate"; Value = "17-Jul-2002"; VariantName = "[No Variations]"
Add component (AddParameter): Name = "LatestRevisionNote"; Value = "Re-released for DXP Platform."; VariantName = "[No Variations]"
Add component (AddParameter): Name = "PackageDescription"; Value = "Axial Device, Thru-Hole; 2 Leads; 0.3 in Pin Spacing"; VariantName = "[No Variations]"
Add component (AddParameter): Name = "PackageReference"; Value = "AXIAL-0.3"; VariantName = "[No Variations]"
Add component (AddParameter): Name = "Published"; Value = "8-Jun-2000"; VariantName = "[No Variations]"
Add component (AddParameter): Name = "Publisher"; Value = "Altium Limited"; VariantName = "[No Variations]"
Add component (AddParameter): Name = "Value"; Value = "59K"; VariantName = "[No Variations]"
Added Component: Designator=TP1(2P-TestPoint)
Add component. Clean all parameters for all variants
Added Component: Designator=TP2(2P-TestPoint)
Add component. Clean all parameters for all variants
Added Component: Designator=TP3(2P-TestPoint)
Add component. Clean all parameters for all variants
Added Pin To Net: NetName=+1.5 Pin=C9-2
Added Pin To Net: NetName=+1.5 Pin=C10-2
Added Pin To Net: NetName=+1.5 Pin=DS1-F+
Added Pin To Net: NetName=+1.5 Pin=DS2-F+
Added Pin To Net: NetName=+1.5 Pin=DS3-F+
Added Pin To Net: NetName=+1.5 Pin=DS4-F+
Added Pin To Net: NetName=+1.5 Pin=DS5-F+
Added Pin To Net: NetName=+1.5 Pin=DS6-F+
Added Pin To Net: NetName=+1.5 Pin=L3-2
Added Pin To Net: NetName=+1.5 Pin=R3-2
Added Pin To Net: NetName=+1.5 Pin=TP3-TP
Added Pin To Net: NetName=+1.5 Pin=TP3-TP
Added Net: Name=+1.5
Added Pin To Net: NetName=+5 Pin=C4-2
Added Pin To Net: NetName=+5 Pin=C7-2
Added Pin To Net: NetName=+5 Pin=C8-2
Added Pin To Net: NetName=+5 Pin=DC-DC2-4
Added Pin To Net: NetName=+5 Pin=DC-DC3-2
Added Pin To Net: NetName=+5 Pin=DC-DC3-7
Added Pin To Net: NetName=+5 Pin=IC7-16
Added Pin To Net: NetName=+5 Pin=IC8-16
Added Pin To Net: NetName=+5 Pin=IC9-16
Added Pin To Net: NetName=+5 Pin=IC10-16
Added Pin To Net: NetName=+5 Pin=IC11-16
Added Pin To Net: NetName=+5 Pin=IC12-16
Added Pin To Net: NetName=+5 Pin=IC13-15
Added Pin To Net: NetName=+5 Pin=L2-2
Added Pin To Net: NetName=+5 Pin=TP2-TP
Added Pin To Net: NetName=+5 Pin=TP2-TP
Added Net: Name=+5
Added Pin To Net: NetName=+27 Pin=IC1-9
Added Pin To Net: NetName=+27 Pin=IC2-9
Added Pin To Net: NetName=+27 Pin=IC3-9
Added Pin To Net: NetName=+27 Pin=IC4-9
Added Pin To Net: NetName=+27 Pin=IC5-9
Added Pin To Net: NetName=+27 Pin=IC6-9
Added Net: Name=+27
Added Pin To Net: NetName=27V Pin=C3-2
Added Pin To Net: NetName=27V Pin=C6-2
Added Pin To Net: NetName=27V Pin=D2-2
Added Pin To Net: NetName=27V Pin=R1-2
Added Pin To Net: NetName=27V Pin=TP1-TP
Added Pin To Net: NetName=27V Pin=TP1-TP
Added Net: Name=27V
Added Pin To Net: NetName=DS1-1 Pin=DS1-A
Added Pin To Net: NetName=DS1-1 Pin=IC1-18
Added Net: Name=DS1-1
Added Pin To Net: NetName=DS1-2 Pin=DS1-B
Added Pin To Net: NetName=DS1-2 Pin=IC1-17
Added Net: Name=DS1-2
Added Pin To Net: NetName=DS1-3 Pin=DS1-C
Added Pin To Net: NetName=DS1-3 Pin=IC1-16
Added Net: Name=DS1-3
Added Pin To Net: NetName=DS1-4 Pin=DS1-D
Added Pin To Net: NetName=DS1-4 Pin=IC1-15
Added Net: Name=DS1-4
Added Pin To Net: NetName=DS1-5 Pin=DS1-E
Added Pin To Net: NetName=DS1-5 Pin=IC1-14
Added Net: Name=DS1-5
Added Pin To Net: NetName=DS1-6 Pin=DS1-F
Added Pin To Net: NetName=DS1-6 Pin=IC1-13
Added Net: Name=DS1-6
Added Pin To Net: NetName=DS1-7 Pin=DS1-G
Added Pin To Net: NetName=DS1-7 Pin=IC1-12
Added Net: Name=DS1-7
Added Pin To Net: NetName=DS1-8 Pin=IC1-11
Added Net: Name=DS1-8
Added Pin To Net: NetName=DS2-1 Pin=DS2-A
Added Pin To Net: NetName=DS2-1 Pin=IC2-18
Added Net: Name=DS2-1
Added Pin To Net: NetName=DS2-2 Pin=DS2-B
Added Pin To Net: NetName=DS2-2 Pin=IC2-17
Added Net: Name=DS2-2
Added Pin To Net: NetName=DS2-3 Pin=DS2-C
Added Pin To Net: NetName=DS2-3 Pin=IC2-16
Added Net: Name=DS2-3
Added Pin To Net: NetName=DS2-4 Pin=DS2-D
Added Pin To Net: NetName=DS2-4 Pin=IC2-15
Added Net: Name=DS2-4
Added Pin To Net: NetName=DS2-5 Pin=DS2-E
Added Pin To Net: NetName=DS2-5 Pin=IC2-14
Added Net: Name=DS2-5
Added Pin To Net: NetName=DS2-6 Pin=DS2-F
Added Pin To Net: NetName=DS2-6 Pin=IC2-13
Added Net: Name=DS2-6
Added Pin To Net: NetName=DS2-7 Pin=DS2-G
Added Pin To Net: NetName=DS2-7 Pin=IC2-12
Added Net: Name=DS2-7
Added Pin To Net: NetName=DS2-8 Pin=IC2-11
Added Net: Name=DS2-8
Added Pin To Net: NetName=DS3-1 Pin=DS3-A
Added Pin To Net: NetName=DS3-1 Pin=IC3-18
Added Net: Name=DS3-1
Added Pin To Net: NetName=DS3-2 Pin=DS3-B
Added Pin To Net: NetName=DS3-2 Pin=IC3-17
Added Net: Name=DS3-2
Added Pin To Net: NetName=DS3-3 Pin=DS3-C
Added Pin To Net: NetName=DS3-3 Pin=IC3-16
Added Net: Name=DS3-3
Added Pin To Net: NetName=DS3-4 Pin=DS3-D
Added Pin To Net: NetName=DS3-4 Pin=IC3-15
Added Net: Name=DS3-4
Added Pin To Net: NetName=DS3-5 Pin=DS3-E
Added Pin To Net: NetName=DS3-5 Pin=IC3-14
Added Net: Name=DS3-5
Added Pin To Net: NetName=DS3-6 Pin=DS3-F
Added Pin To Net: NetName=DS3-6 Pin=IC3-13
Added Net: Name=DS3-6
Added Pin To Net: NetName=DS3-7 Pin=DS3-G
Added Pin To Net: NetName=DS3-7 Pin=IC3-12
Added Net: Name=DS3-7
Added Pin To Net: NetName=DS3-8 Pin=IC3-11
Added Net: Name=DS3-8
Added Pin To Net: NetName=DS4-1 Pin=DS4-A
Added Pin To Net: NetName=DS4-1 Pin=IC4-18
Added Net: Name=DS4-1
Added Pin To Net: NetName=DS4-2 Pin=DS4-B
Added Pin To Net: NetName=DS4-2 Pin=IC4-17
Added Net: Name=DS4-2
Added Pin To Net: NetName=DS4-3 Pin=DS4-C
Added Pin To Net: NetName=DS4-3 Pin=IC4-16
Added Net: Name=DS4-3
Added Pin To Net: NetName=DS4-4 Pin=DS4-D
Added Pin To Net: NetName=DS4-4 Pin=IC4-15
Added Net: Name=DS4-4
Added Pin To Net: NetName=DS4-5 Pin=DS4-E
Added Pin To Net: NetName=DS4-5 Pin=IC4-14
Added Net: Name=DS4-5
Added Pin To Net: NetName=DS4-6 Pin=DS4-F
Added Pin To Net: NetName=DS4-6 Pin=IC4-13
Added Net: Name=DS4-6
Added Pin To Net: NetName=DS4-7 Pin=DS4-G
Added Pin To Net: NetName=DS4-7 Pin=IC4-12
Added Net: Name=DS4-7
Added Pin To Net: NetName=DS4-8 Pin=IC4-11
Added Net: Name=DS4-8
Added Pin To Net: NetName=DS5-1 Pin=DS5-A
Added Pin To Net: NetName=DS5-1 Pin=IC5-18
Added Net: Name=DS5-1
Added Pin To Net: NetName=DS5-2 Pin=DS5-B
Added Pin To Net: NetName=DS5-2 Pin=IC5-17
Added Net: Name=DS5-2
Added Pin To Net: NetName=DS5-3 Pin=DS5-C
Added Pin To Net: NetName=DS5-3 Pin=IC5-16
Added Net: Name=DS5-3
Added Pin To Net: NetName=DS5-4 Pin=DS5-D
Added Pin To Net: NetName=DS5-4 Pin=IC5-15
Added Net: Name=DS5-4
Added Pin To Net: NetName=DS5-5 Pin=DS5-E
Added Pin To Net: NetName=DS5-5 Pin=IC5-14
Added Net: Name=DS5-5
Added Pin To Net: NetName=DS5-6 Pin=DS5-F
Added Pin To Net: NetName=DS5-6 Pin=IC5-13
Added Net: Name=DS5-6
Added Pin To Net: NetName=DS5-7 Pin=DS5-G
Added Pin To Net: NetName=DS5-7 Pin=IC5-12
Added Net: Name=DS5-7
Added Pin To Net: NetName=DS5-8 Pin=IC5-11
Added Net: Name=DS5-8
Added Pin To Net: NetName=DS6-1 Pin=DS6-A
Added Pin To Net: NetName=DS6-1 Pin=IC6-18
Added Net: Name=DS6-1
Added Pin To Net: NetName=DS6-2 Pin=DS6-B
Added Pin To Net: NetName=DS6-2 Pin=IC6-17
Added Net: Name=DS6-2
Added Pin To Net: NetName=DS6-3 Pin=DS6-C
Added Pin To Net: NetName=DS6-3 Pin=IC6-16
Added Net: Name=DS6-3
Added Pin To Net: NetName=DS6-4 Pin=DS6-D
Added Pin To Net: NetName=DS6-4 Pin=IC6-15
Added Net: Name=DS6-4
Added Pin To Net: NetName=DS6-5 Pin=DS6-E
Added Pin To Net: NetName=DS6-5 Pin=IC6-14
Added Net: Name=DS6-5
Added Pin To Net: NetName=DS6-6 Pin=DS6-F
Added Pin To Net: NetName=DS6-6 Pin=IC6-13
Added Net: Name=DS6-6
Added Pin To Net: NetName=DS6-7 Pin=DS6-G
Added Pin To Net: NetName=DS6-7 Pin=IC6-12
Added Net: Name=DS6-7
Added Pin To Net: NetName=DS6-8 Pin=IC6-11
Added Net: Name=DS6-8
Added Pin To Net: NetName=GND Pin=C1-1
Added Pin To Net: NetName=GND Pin=C2-1
Added Pin To Net: NetName=GND Pin=C3-1
Added Pin To Net: NetName=GND Pin=C4-1
Added Pin To Net: NetName=GND Pin=C5-1
Added Pin To Net: NetName=GND Pin=C6-1
Added Pin To Net: NetName=GND Pin=C7-1
Added Pin To Net: NetName=GND Pin=C8-1
Added Pin To Net: NetName=GND Pin=C9-1
Added Pin To Net: NetName=GND Pin=C10-1
Added Pin To Net: NetName=GND Pin=D1-1
Added Pin To Net: NetName=GND Pin=D1-2
Added Pin To Net: NetName=GND Pin=D3-1
Added Pin To Net: NetName=GND Pin=DC-DC1-7
Added Pin To Net: NetName=GND Pin=DC-DC1-8
Added Pin To Net: NetName=GND Pin=DC-DC2-3
Added Pin To Net: NetName=GND Pin=DC-DC2-3
Added Pin To Net: NetName=GND Pin=DC-DC2-5
Added Pin To Net: NetName=GND Pin=DC-DC3-4
Added Pin To Net: NetName=GND Pin=DS1-F-
Added Pin To Net: NetName=GND Pin=DS2-F-
Added Pin To Net: NetName=GND Pin=DS3-F-
Added Pin To Net: NetName=GND Pin=DS4-F-
Added Pin To Net: NetName=GND Pin=DS5-F-
Added Pin To Net: NetName=GND Pin=DS6-F-
Added Pin To Net: NetName=GND Pin=IC1-10
Added Pin To Net: NetName=GND Pin=IC2-10
Added Pin To Net: NetName=GND Pin=IC3-10
Added Pin To Net: NetName=GND Pin=IC4-10
Added Pin To Net: NetName=GND Pin=IC5-10
Added Pin To Net: NetName=GND Pin=IC6-10
Added Pin To Net: NetName=GND Pin=IC7-8
Added Pin To Net: NetName=GND Pin=IC8-8
Added Pin To Net: NetName=GND Pin=IC9-8
Added Pin To Net: NetName=GND Pin=IC10-8
Added Pin To Net: NetName=GND Pin=IC11-8
Added Pin To Net: NetName=GND Pin=IC12-8
Added Pin To Net: NetName=GND Pin=IC13-10
Added Pin To Net: NetName=GND Pin=J1-5
Added Pin To Net: NetName=GND Pin=R2-1
Added Pin To Net: NetName=GND Pin=R4-1
Added Net: Name=GND
Added Pin To Net: NetName=NetD2_1 Pin=D2-1
Added Pin To Net: NetName=NetD2_1 Pin=DC-DC1-5
Added Pin To Net: NetName=NetD2_1 Pin=DC-DC1-6
Added Pin To Net: NetName=NetD2_1 Pin=L1-2
Added Net: Name=NetD2_1
Added Pin To Net: NetName=NetD3_2 Pin=D3-2
Added Pin To Net: NetName=NetD3_2 Pin=DC-DC2-2
Added Pin To Net: NetName=NetD3_2 Pin=L2-1
Added Net: Name=NetD3_2
Added Pin To Net: NetName=NetDC-DC1_3 Pin=DC-DC1-3
Added Pin To Net: NetName=NetDC-DC1_3 Pin=R1-1
Added Pin To Net: NetName=NetDC-DC1_3 Pin=R2-2
Added Net: Name=NetDC-DC1_3
Added Pin To Net: NetName=NetDC-DC3_3 Pin=DC-DC3-3
Added Pin To Net: NetName=NetDC-DC3_3 Pin=L3-1
Added Net: Name=NetDC-DC3_3
Added Pin To Net: NetName=NetDC-DC3_5 Pin=DC-DC3-5
Added Pin To Net: NetName=NetDC-DC3_5 Pin=R3-1
Added Pin To Net: NetName=NetDC-DC3_5 Pin=R4-2
Added Net: Name=NetDC-DC3_5
Added Pin To Net: NetName=NetDS1_Grid Pin=DS1-Grid
Added Net: Name=NetDS1_Grid
Added Pin To Net: NetName=NetDS2_Grid Pin=DS2-Grid
Added Net: Name=NetDS2_Grid
Added Pin To Net: NetName=NetDS3_Grid Pin=DS3-Grid
Added Net: Name=NetDS3_Grid
Added Pin To Net: NetName=NetDS4_Grid Pin=DS4-Grid
Added Net: Name=NetDS4_Grid
Added Pin To Net: NetName=NetDS5_Grid Pin=DS5-Grid
Added Net: Name=NetDS5_Grid
Added Pin To Net: NetName=NetDS6_Grid Pin=DS6-Grid
Added Net: Name=NetDS6_Grid
Added Pin To Net: NetName=NetF1_1 Pin=F1-1
Added Pin To Net: NetName=NetF1_1 Pin=J1-2
Added Net: Name=NetF1_1
Added Pin To Net: NetName=NetIC7_9 Pin=IC7-9
Added Pin To Net: NetName=NetIC7_9 Pin=IC8-14
Added Net: Name=NetIC7_9
Added Pin To Net: NetName=NetIC7_10 Pin=IC7-10
Added Pin To Net: NetName=NetIC7_10 Pin=IC8-10
Added Pin To Net: NetName=NetIC7_10 Pin=IC9-10
Added Pin To Net: NetName=NetIC7_10 Pin=IC10-10
Added Pin To Net: NetName=NetIC7_10 Pin=IC11-10
Added Pin To Net: NetName=NetIC7_10 Pin=IC12-10
Added Pin To Net: NetName=NetIC7_10 Pin=IC13-23
Added Net: Name=NetIC7_10
Added Pin To Net: NetName=NetIC7_11 Pin=IC7-11
Added Pin To Net: NetName=NetIC7_11 Pin=IC8-11
Added Pin To Net: NetName=NetIC7_11 Pin=IC9-11
Added Pin To Net: NetName=NetIC7_11 Pin=IC10-11
Added Pin To Net: NetName=NetIC7_11 Pin=IC11-11
Added Pin To Net: NetName=NetIC7_11 Pin=IC12-11
Added Pin To Net: NetName=NetIC7_11 Pin=IC13-9
Added Net: Name=NetIC7_11
Added Pin To Net: NetName=NetIC7_12 Pin=IC7-12
Added Pin To Net: NetName=NetIC7_12 Pin=IC8-12
Added Pin To Net: NetName=NetIC7_12 Pin=IC9-12
Added Pin To Net: NetName=NetIC7_12 Pin=IC10-12
Added Pin To Net: NetName=NetIC7_12 Pin=IC11-12
Added Pin To Net: NetName=NetIC7_12 Pin=IC12-12
Added Pin To Net: NetName=NetIC7_12 Pin=IC13-22
Added Net: Name=NetIC7_12
Added Pin To Net: NetName=NetIC7_13 Pin=IC7-13
Added Pin To Net: NetName=NetIC7_13 Pin=IC8-13
Added Pin To Net: NetName=NetIC7_13 Pin=IC9-13
Added Pin To Net: NetName=NetIC7_13 Pin=IC10-13
Added Pin To Net: NetName=NetIC7_13 Pin=IC11-13
Added Pin To Net: NetName=NetIC7_13 Pin=IC12-13
Added Pin To Net: NetName=NetIC7_13 Pin=IC13-21
Added Net: Name=NetIC7_13
Added Pin To Net: NetName=NetIC7_14 Pin=IC7-14
Added Pin To Net: NetName=NetIC7_14 Pin=IC13-6
Added Net: Name=NetIC7_14
Added Pin To Net: NetName=NetIC8_9 Pin=IC8-9
Added Pin To Net: NetName=NetIC8_9 Pin=IC9-14
Added Net: Name=NetIC8_9
Added Pin To Net: NetName=NetIC9_9 Pin=IC9-9
Added Pin To Net: NetName=NetIC9_9 Pin=IC10-14
Added Net: Name=NetIC9_9
Added Pin To Net: NetName=NetIC10_9 Pin=IC10-9
Added Pin To Net: NetName=NetIC10_9 Pin=IC11-14
Added Net: Name=NetIC10_9
Added Pin To Net: NetName=NetIC11_9 Pin=IC11-9
Added Pin To Net: NetName=NetIC11_9 Pin=IC12-14
Added Net: Name=NetIC11_9
Added Pin To Net: NetName=Q7-1 Pin=IC6-1
Added Pin To Net: NetName=Q7-1 Pin=IC7-7
Added Net: Name=Q7-1
Added Pin To Net: NetName=Q7-2 Pin=IC6-2
Added Pin To Net: NetName=Q7-2 Pin=IC7-6
Added Net: Name=Q7-2
Added Pin To Net: NetName=Q7-3 Pin=IC6-3
Added Pin To Net: NetName=Q7-3 Pin=IC7-5
Added Net: Name=Q7-3
Added Pin To Net: NetName=Q7-4 Pin=IC6-4
Added Pin To Net: NetName=Q7-4 Pin=IC7-4
Added Net: Name=Q7-4
Added Pin To Net: NetName=Q7-5 Pin=IC6-5
Added Pin To Net: NetName=Q7-5 Pin=IC7-3
Added Net: Name=Q7-5
Added Pin To Net: NetName=Q7-6 Pin=IC6-6
Added Pin To Net: NetName=Q7-6 Pin=IC7-2
Added Net: Name=Q7-6
Added Pin To Net: NetName=Q7-7 Pin=IC6-7
Added Pin To Net: NetName=Q7-7 Pin=IC7-1
Added Net: Name=Q7-7
Added Pin To Net: NetName=Q7-8 Pin=IC6-8
Added Pin To Net: NetName=Q7-8 Pin=IC7-15
Added Net: Name=Q7-8
Added Pin To Net: NetName=Q8-1 Pin=IC5-1
Added Pin To Net: NetName=Q8-1 Pin=IC8-7
Added Net: Name=Q8-1
Added Pin To Net: NetName=Q8-2 Pin=IC5-2
Added Pin To Net: NetName=Q8-2 Pin=IC8-6
Added Net: Name=Q8-2
Added Pin To Net: NetName=Q8-3 Pin=IC5-3
Added Pin To Net: NetName=Q8-3 Pin=IC8-5
Added Net: Name=Q8-3
Added Pin To Net: NetName=Q8-4 Pin=IC5-4
Added Pin To Net: NetName=Q8-4 Pin=IC8-4
Added Net: Name=Q8-4
Added Pin To Net: NetName=Q8-5 Pin=IC5-5
Added Pin To Net: NetName=Q8-5 Pin=IC8-3
Added Net: Name=Q8-5
Added Pin To Net: NetName=Q8-6 Pin=IC5-6
Added Pin To Net: NetName=Q8-6 Pin=IC8-2
Added Net: Name=Q8-6
Added Pin To Net: NetName=Q8-7 Pin=IC5-7
Added Pin To Net: NetName=Q8-7 Pin=IC8-1
Added Net: Name=Q8-7
Added Pin To Net: NetName=Q8-8 Pin=IC5-8
Added Pin To Net: NetName=Q8-8 Pin=IC8-15
Added Net: Name=Q8-8
Added Pin To Net: NetName=Q9-1 Pin=IC4-1
Added Pin To Net: NetName=Q9-1 Pin=IC9-7
Added Net: Name=Q9-1
Added Pin To Net: NetName=Q9-2 Pin=IC4-2
Added Pin To Net: NetName=Q9-2 Pin=IC9-6
Added Net: Name=Q9-2
Added Pin To Net: NetName=Q9-3 Pin=IC4-3
Added Pin To Net: NetName=Q9-3 Pin=IC9-5
Added Net: Name=Q9-3
Added Pin To Net: NetName=Q9-4 Pin=IC4-4
Added Pin To Net: NetName=Q9-4 Pin=IC9-4
Added Net: Name=Q9-4
Added Pin To Net: NetName=Q9-5 Pin=IC4-5
Added Pin To Net: NetName=Q9-5 Pin=IC9-3
Added Net: Name=Q9-5
Added Pin To Net: NetName=Q9-6 Pin=IC4-6
Added Pin To Net: NetName=Q9-6 Pin=IC9-2
Added Net: Name=Q9-6
Added Pin To Net: NetName=Q9-7 Pin=IC4-7
Added Pin To Net: NetName=Q9-7 Pin=IC9-1
Added Net: Name=Q9-7
Added Pin To Net: NetName=Q9-8 Pin=IC4-8
Added Pin To Net: NetName=Q9-8 Pin=IC9-15
Added Net: Name=Q9-8
Added Pin To Net: NetName=Q10-1 Pin=IC3-1
Added Pin To Net: NetName=Q10-1 Pin=IC10-7
Added Net: Name=Q10-1
Added Pin To Net: NetName=Q10-2 Pin=IC3-2
Added Pin To Net: NetName=Q10-2 Pin=IC10-6
Added Net: Name=Q10-2
Added Pin To Net: NetName=Q10-3 Pin=IC3-3
Added Pin To Net: NetName=Q10-3 Pin=IC10-5
Added Net: Name=Q10-3
Added Pin To Net: NetName=Q10-4 Pin=IC3-4
Added Pin To Net: NetName=Q10-4 Pin=IC10-4
Added Net: Name=Q10-4
Added Pin To Net: NetName=Q10-5 Pin=IC3-5
Added Pin To Net: NetName=Q10-5 Pin=IC10-3
Added Net: Name=Q10-5
Added Pin To Net: NetName=Q10-6 Pin=IC3-6
Added Pin To Net: NetName=Q10-6 Pin=IC10-2
Added Net: Name=Q10-6
Added Pin To Net: NetName=Q10-7 Pin=IC3-7
Added Pin To Net: NetName=Q10-7 Pin=IC10-1
Added Net: Name=Q10-7
Added Pin To Net: NetName=Q10-8 Pin=IC3-8
Added Pin To Net: NetName=Q10-8 Pin=IC10-15
Added Net: Name=Q10-8
Added Pin To Net: NetName=Q11-1 Pin=IC2-1
Added Pin To Net: NetName=Q11-1 Pin=IC11-7
Added Net: Name=Q11-1
Added Pin To Net: NetName=Q11-2 Pin=IC2-2
Added Pin To Net: NetName=Q11-2 Pin=IC11-6
Added Net: Name=Q11-2
Added Pin To Net: NetName=Q11-3 Pin=IC2-3
Added Pin To Net: NetName=Q11-3 Pin=IC11-5
Added Net: Name=Q11-3
Added Pin To Net: NetName=Q11-4 Pin=IC2-4
Added Pin To Net: NetName=Q11-4 Pin=IC11-4
Added Net: Name=Q11-4
Added Pin To Net: NetName=Q11-5 Pin=IC2-5
Added Pin To Net: NetName=Q11-5 Pin=IC11-3
Added Net: Name=Q11-5
Added Pin To Net: NetName=Q11-6 Pin=IC2-6
Added Pin To Net: NetName=Q11-6 Pin=IC11-2
Added Net: Name=Q11-6
Added Pin To Net: NetName=Q11-7 Pin=IC2-7
Added Pin To Net: NetName=Q11-7 Pin=IC11-1
Added Net: Name=Q11-7
Added Pin To Net: NetName=Q11-8 Pin=IC2-8
Added Pin To Net: NetName=Q11-8 Pin=IC11-15
Added Net: Name=Q11-8
Added Pin To Net: NetName=Q12-1 Pin=IC1-1
Added Pin To Net: NetName=Q12-1 Pin=IC12-7
Added Net: Name=Q12-1
Added Pin To Net: NetName=Q12-2 Pin=IC1-2
Added Pin To Net: NetName=Q12-2 Pin=IC12-6
Added Net: Name=Q12-2
Added Pin To Net: NetName=Q12-3 Pin=IC1-3
Added Pin To Net: NetName=Q12-3 Pin=IC12-5
Added Net: Name=Q12-3
Added Pin To Net: NetName=Q12-4 Pin=IC1-4
Added Pin To Net: NetName=Q12-4 Pin=IC12-4
Added Net: Name=Q12-4
Added Pin To Net: NetName=Q12-5 Pin=IC1-5
Added Pin To Net: NetName=Q12-5 Pin=IC12-3
Added Net: Name=Q12-5
Added Pin To Net: NetName=Q12-6 Pin=IC1-6
Added Pin To Net: NetName=Q12-6 Pin=IC12-2
Added Net: Name=Q12-6
Added Pin To Net: NetName=Q12-7 Pin=IC1-7
Added Pin To Net: NetName=Q12-7 Pin=IC12-1
Added Net: Name=Q12-7
Added Pin To Net: NetName=Q12-8 Pin=IC1-8
Added Pin To Net: NetName=Q12-8 Pin=IC12-15
Added Net: Name=Q12-8
Added Pin To Net: NetName=VCC Pin=C1-2
Added Pin To Net: NetName=VCC Pin=C2-2
Added Pin To Net: NetName=VCC Pin=C5-2
Added Pin To Net: NetName=VCC Pin=D1-3
Added Pin To Net: NetName=VCC Pin=DC-DC1-1
Added Pin To Net: NetName=VCC Pin=DC-DC1-2
Added Pin To Net: NetName=VCC Pin=DC-DC2-1
Added Pin To Net: NetName=VCC Pin=F1-2
Added Pin To Net: NetName=VCC Pin=L1-1
Added Net: Name=VCC
Added Class: Name=VFD Clock
Added Room: Name=VFD Clock
